[2021-06-22 10:40:32] local.ERROR: SQLSTATE[HY000] [1045] Access denied for user 'gotempla_templatego'@'localhost' (using password: YES) (SQL: select * from `users` where `id` = 1 limit 1) {"exception":"[object] (Illuminate\\Database\\QueryException(code: 1045): SQLSTATE[HY000] [1045] Access denied for user 'gotempla_templatego'@'localhost' (using password: YES) (SQL: select * from `users` where `id` = 1 limit 1) at /home/gotemplate/public_html/vendor/laravel/framework/src/Illuminate/Database/Connection.php:678)
[stacktrace]
#0 /home/gotemplate/public_html/vendor/laravel/framework/src/Illuminate/Database/Connection.php(638): Illuminate\\Database\\Connection->runQueryCallback('select * from `...', Array, Object(Closure))
#1 /home/gotemplate/public_html/vendor/laravel/framework/src/Illuminate/Database/Connection.php(346): Illuminate\\Database\\Connection->run('select * from `...', Array, Object(Closure))
#2 /home/gotemplate/public_html/vendor/laravel/framework/src/Illuminate/Database/Query/Builder.php(2313): Illuminate\\Database\\Connection->select('select * from `...', Array, true)
#3 /home/gotemplate/public_html/vendor/laravel/framework/src/Illuminate/Database/Query/Builder.php(2301): Illuminate\\Database\\Query\\Builder->runSelect()
#4 /home/gotemplate/public_html/vendor/laravel/framework/src/Illuminate/Database/Query/Builder.php(2796): Illuminate\\Database\\Query\\Builder->Illuminate\\Database\\Query\\{closure}()
#5 /home/gotemplate/public_html/vendor/laravel/framework/src/Illuminate/Database/Query/Builder.php(2302): Illuminate\\Database\\Query\\Builder->onceWithColumns(Array, Object(Closure))
#6 /home/gotemplate/public_html/vendor/laravel/framework/src/Illuminate/Database/Concerns/BuildsQueries.php(170): Illuminate\\Database\\Query\\Builder->get(Array)
#7 /home/gotemplate/public_html/app/Models/Members.php(185): Illuminate\\Database\\Query\\Builder->first()
#8 /home/gotemplate/public_html/app/Providers/AppServiceProvider.php(43): Feberr\\Models\\Members::adminData()
#9 /home/gotemplate/public_html/vendor/laravel/framework/src/Illuminate/Container/BoundMethod.php(36): Feberr\\Providers\\AppServiceProvider->boot()
#10 /home/gotemplate/public_html/vendor/laravel/framework/src/Illuminate/Container/Util.php(40): Illuminate\\Container\\BoundMethod::Illuminate\\Container\\{closure}()
#11 /home/gotemplate/public_html/vendor/laravel/framework/src/Illuminate/Container/BoundMethod.php(93): Illuminate\\Container\\Util::unwrapIfClosure(Object(Closure))
#12 /home/gotemplate/public_html/vendor/laravel/framework/src/Illuminate/Container/BoundMethod.php(37): Illuminate\\Container\\BoundMethod::callBoundMethod(Object(Illuminate\\Foundation\\Application), Array, Object(Closure))
#13 /home/gotemplate/public_html/vendor/laravel/framework/src/Illuminate/Container/Container.php(610): Illuminate\\Container\\BoundMethod::call(Object(Illuminate\\Foundation\\Application), Array, Array, NULL)
#14 /home/gotemplate/public_html/vendor/laravel/framework/src/Illuminate/Foundation/Application.php(899): Illuminate\\Container\\Container->call(Array)
#15 /home/gotemplate/public_html/vendor/laravel/framework/src/Illuminate/Foundation/Application.php(880): Illuminate\\Foundation\\Application->bootProvider(Object(Feberr\\Providers\\AppServiceProvider))
#16 [internal function]: Illuminate\\Foundation\\Application->Illuminate\\Foundation\\{closure}(Object(Feberr\\Providers\\AppServiceProvider), 29)
#17 /home/gotemplate/public_html/vendor/laravel/framework/src/Illuminate/Foundation/Application.php(881): array_walk(Array, Object(Closure))
#18 /home/gotemplate/public_html/vendor/laravel/framework/src/Illuminate/Foundation/Bootstrap/BootProviders.php(17): Illuminate\\Foundation\\Application->boot()
#19 /home/gotemplate/public_html/vendor/laravel/framework/src/Illuminate/Foundation/Application.php(237): Illuminate\\Foundation\\Bootstrap\\BootProviders->bootstrap(Object(Illuminate\\Foundation\\Application))
#20 /home/gotemplate/public_html/vendor/laravel/framework/src/Illuminate/Foundation/Http/Kernel.php(152): Illuminate\\Foundation\\Application->bootstrapWith(Array)
#21 /home/gotemplate/public_html/vendor/laravel/framework/src/Illuminate/Foundation/Http/Kernel.php(136): Illuminate\\Foundation\\Http\\Kernel->bootstrap()
#22 /home/gotemplate/public_html/vendor/laravel/framework/src/Illuminate/Foundation/Http/Kernel.php(110): Illuminate\\Foundation\\Http\\Kernel->sendRequestThroughRouter(Object(Illuminate\\Http\\Request))
#23 /home/gotemplate/public_html/index.php(60): Illuminate\\Foundation\\Http\\Kernel->handle(Object(Illuminate\\Http\\Request))
#24 {main}

[previous exception] [object] (PDOException(code: 1045): SQLSTATE[HY000] [1045] Access denied for user 'gotempla_templatego'@'localhost' (using password: YES) at /home/gotemplate/public_html/vendor/laravel/framework/src/Illuminate/Database/Connectors/Connector.php:70)
[stacktrace]
#0 /home/gotemplate/public_html/vendor/laravel/framework/src/Illuminate/Database/Connectors/Connector.php(70): PDO->__construct('mysql:host=loca...', 'gotempla_templa...', 'o', Array)
#1 /home/gotemplate/public_html/vendor/laravel/framework/src/Illuminate/Database/Connectors/Connector.php(46): Illuminate\\Database\\Connectors\\Connector->createPdoConnection('mysql:host=loca...', 'gotempla_templa...', 'o', Array)
#2 /home/gotemplate/public_html/vendor/laravel/framework/src/Illuminate/Database/Connectors/MySqlConnector.php(24): Illuminate\\Database\\Connectors\\Connector->createConnection('mysql:host=loca...', Array, Array)
#3 /home/gotemplate/public_html/vendor/laravel/framework/src/Illuminate/Database/Connectors/ConnectionFactory.php(184): Illuminate\\Database\\Connectors\\MySqlConnector->connect(Array)
#4 [internal function]: Illuminate\\Database\\Connectors\\ConnectionFactory->Illuminate\\Database\\Connectors\\{closure}()
#5 /home/gotemplate/public_html/vendor/laravel/framework/src/Illuminate/Database/Connection.php(939): call_user_func(Object(Closure))
#6 /home/gotemplate/public_html/vendor/laravel/framework/src/Illuminate/Database/Connection.php(974): Illuminate\\Database\\Connection->getPdo()
#7 /home/gotemplate/public_html/vendor/laravel/framework/src/Illuminate/Database/Connection.php(412): Illuminate\\Database\\Connection->getReadPdo()
#8 /home/gotemplate/public_html/vendor/laravel/framework/src/Illuminate/Database/Connection.php(338): Illuminate\\Database\\Connection->getPdoForSelect(true)
#9 /home/gotemplate/public_html/vendor/laravel/framework/src/Illuminate/Database/Connection.php(671): Illuminate\\Database\\Connection->Illuminate\\Database\\{closure}('select * from `...', Array)
#10 /home/gotemplate/public_html/vendor/laravel/framework/src/Illuminate/Database/Connection.php(638): Illuminate\\Database\\Connection->runQueryCallback('select * from `...', Array, Object(Closure))
#11 /home/gotemplate/public_html/vendor/laravel/framework/src/Illuminate/Database/Connection.php(346): Illuminate\\Database\\Connection->run('select * from `...', Array, Object(Closure))
#12 /home/gotemplate/public_html/vendor/laravel/framework/src/Illuminate/Database/Query/Builder.php(2313): Illuminate\\Database\\Connection->select('select * from `...', Array, true)
#13 /home/gotemplate/public_html/vendor/laravel/framework/src/Illuminate/Database/Query/Builder.php(2301): Illuminate\\Database\\Query\\Builder->runSelect()
#14 /home/gotemplate/public_html/vendor/laravel/framework/src/Illuminate/Database/Query/Builder.php(2796): Illuminate\\Database\\Query\\Builder->Illuminate\\Database\\Query\\{closure}()
#15 /home/gotemplate/public_html/vendor/laravel/framework/src/Illuminate/Database/Query/Builder.php(2302): Illuminate\\Database\\Query\\Builder->onceWithColumns(Array, Object(Closure))
#16 /home/gotemplate/public_html/vendor/laravel/framework/src/Illuminate/Database/Concerns/BuildsQueries.php(170): Illuminate\\Database\\Query\\Builder->get(Array)
#17 /home/gotemplate/public_html/app/Models/Members.php(185): Illuminate\\Database\\Query\\Builder->first()
#18 /home/gotemplate/public_html/app/Providers/AppServiceProvider.php(43): Feberr\\Models\\Members::adminData()
#19 /home/gotemplate/public_html/vendor/laravel/framework/src/Illuminate/Container/BoundMethod.php(36): Feberr\\Providers\\AppServiceProvider->boot()
#20 /home/gotemplate/public_html/vendor/laravel/framework/src/Illuminate/Container/Util.php(40): Illuminate\\Container\\BoundMethod::Illuminate\\Container\\{closure}()
#21 /home/gotemplate/public_html/vendor/laravel/framework/src/Illuminate/Container/BoundMethod.php(93): Illuminate\\Container\\Util::unwrapIfClosure(Object(Closure))
#22 /home/gotemplate/public_html/vendor/laravel/framework/src/Illuminate/Container/BoundMethod.php(37): Illuminate\\Container\\BoundMethod::callBoundMethod(Object(Illuminate\\Foundation\\Application), Array, Object(Closure))
#23 /home/gotemplate/public_html/vendor/laravel/framework/src/Illuminate/Container/Container.php(610): Illuminate\\Container\\BoundMethod::call(Object(Illuminate\\Foundation\\Application), Array, Array, NULL)
#24 /home/gotemplate/public_html/vendor/laravel/framework/src/Illuminate/Foundation/Application.php(899): Illuminate\\Container\\Container->call(Array)
#25 /home/gotemplate/public_html/vendor/laravel/framework/src/Illuminate/Foundation/Application.php(880): Illuminate\\Foundation\\Application->bootProvider(Object(Feberr\\Providers\\AppServiceProvider))
#26 [internal function]: Illuminate\\Foundation\\Application->Illuminate\\Foundation\\{closure}(Object(Feberr\\Providers\\AppServiceProvider), 29)
#27 /home/gotemplate/public_html/vendor/laravel/framework/src/Illuminate/Foundation/Application.php(881): array_walk(Array, Object(Closure))
#28 /home/gotemplate/public_html/vendor/laravel/framework/src/Illuminate/Foundation/Bootstrap/BootProviders.php(17): Illuminate\\Foundation\\Application->boot()
#29 /home/gotemplate/public_html/vendor/laravel/framework/src/Illuminate/Foundation/Application.php(237): Illuminate\\Foundation\\Bootstrap\\BootProviders->bootstrap(Object(Illuminate\\Foundation\\Application))
#30 /home/gotemplate/public_html/vendor/laravel/framework/src/Illuminate/Foundation/Http/Kernel.php(152): Illuminate\\Foundation\\Application->bootstrapWith(Array)
#31 /home/gotemplate/public_html/vendor/laravel/framework/src/Illuminate/Foundation/Http/Kernel.php(136): Illuminate\\Foundation\\Http\\Kernel->bootstrap()
#32 /home/gotemplate/public_html/vendor/laravel/framework/src/Illuminate/Foundation/Http/Kernel.php(110): Illuminate\\Foundation\\Http\\Kernel->sendRequestThroughRouter(Object(Illuminate\\Http\\Request))
#33 /home/gotemplate/public_html/index.php(60): Illuminate\\Foundation\\Http\\Kernel->handle(Object(Illuminate\\Http\\Request))
#34 {main}
"} 
[2021-06-22 10:42:50] local.ERROR: SQLSTATE[HY000] [1045] Access denied for user 'gotempla_templatego'@'localhost' (using password: YES) (SQL: select * from `users` where `id` = 1 limit 1) {"exception":"[object] (Illuminate\\Database\\QueryException(code: 1045): SQLSTATE[HY000] [1045] Access denied for user 'gotempla_templatego'@'localhost' (using password: YES) (SQL: select * from `users` where `id` = 1 limit 1) at /home/gotemplate/public_html/vendor/laravel/framework/src/Illuminate/Database/Connection.php:678)
[stacktrace]
#0 /home/gotemplate/public_html/vendor/laravel/framework/src/Illuminate/Database/Connection.php(638): Illuminate\\Database\\Connection->runQueryCallback('select * from `...', Array, Object(Closure))
#1 /home/gotemplate/public_html/vendor/laravel/framework/src/Illuminate/Database/Connection.php(346): Illuminate\\Database\\Connection->run('select * from `...', Array, Object(Closure))
#2 /home/gotemplate/public_html/vendor/laravel/framework/src/Illuminate/Database/Query/Builder.php(2313): Illuminate\\Database\\Connection->select('select * from `...', Array, true)
#3 /home/gotemplate/public_html/vendor/laravel/framework/src/Illuminate/Database/Query/Builder.php(2301): Illuminate\\Database\\Query\\Builder->runSelect()
#4 /home/gotemplate/public_html/vendor/laravel/framework/src/Illuminate/Database/Query/Builder.php(2796): Illuminate\\Database\\Query\\Builder->Illuminate\\Database\\Query\\{closure}()
#5 /home/gotemplate/public_html/vendor/laravel/framework/src/Illuminate/Database/Query/Builder.php(2302): Illuminate\\Database\\Query\\Builder->onceWithColumns(Array, Object(Closure))
#6 /home/gotemplate/public_html/vendor/laravel/framework/src/Illuminate/Database/Concerns/BuildsQueries.php(170): Illuminate\\Database\\Query\\Builder->get(Array)
#7 /home/gotemplate/public_html/app/Models/Members.php(185): Illuminate\\Database\\Query\\Builder->first()
#8 /home/gotemplate/public_html/app/Providers/AppServiceProvider.php(43): Feberr\\Models\\Members::adminData()
#9 /home/gotemplate/public_html/vendor/laravel/framework/src/Illuminate/Container/BoundMethod.php(36): Feberr\\Providers\\AppServiceProvider->boot()
#10 /home/gotemplate/public_html/vendor/laravel/framework/src/Illuminate/Container/Util.php(40): Illuminate\\Container\\BoundMethod::Illuminate\\Container\\{closure}()
#11 /home/gotemplate/public_html/vendor/laravel/framework/src/Illuminate/Container/BoundMethod.php(93): Illuminate\\Container\\Util::unwrapIfClosure(Object(Closure))
#12 /home/gotemplate/public_html/vendor/laravel/framework/src/Illuminate/Container/BoundMethod.php(37): Illuminate\\Container\\BoundMethod::callBoundMethod(Object(Illuminate\\Foundation\\Application), Array, Object(Closure))
#13 /home/gotemplate/public_html/vendor/laravel/framework/src/Illuminate/Container/Container.php(610): Illuminate\\Container\\BoundMethod::call(Object(Illuminate\\Foundation\\Application), Array, Array, NULL)
#14 /home/gotemplate/public_html/vendor/laravel/framework/src/Illuminate/Foundation/Application.php(899): Illuminate\\Container\\Container->call(Array)
#15 /home/gotemplate/public_html/vendor/laravel/framework/src/Illuminate/Foundation/Application.php(880): Illuminate\\Foundation\\Application->bootProvider(Object(Feberr\\Providers\\AppServiceProvider))
#16 [internal function]: Illuminate\\Foundation\\Application->Illuminate\\Foundation\\{closure}(Object(Feberr\\Providers\\AppServiceProvider), 29)
#17 /home/gotemplate/public_html/vendor/laravel/framework/src/Illuminate/Foundation/Application.php(881): array_walk(Array, Object(Closure))
#18 /home/gotemplate/public_html/vendor/laravel/framework/src/Illuminate/Foundation/Bootstrap/BootProviders.php(17): Illuminate\\Foundation\\Application->boot()
#19 /home/gotemplate/public_html/vendor/laravel/framework/src/Illuminate/Foundation/Application.php(237): Illuminate\\Foundation\\Bootstrap\\BootProviders->bootstrap(Object(Illuminate\\Foundation\\Application))
#20 /home/gotemplate/public_html/vendor/laravel/framework/src/Illuminate/Foundation/Console/Kernel.php(310): Illuminate\\Foundation\\Application->bootstrapWith(Array)
#21 /home/gotemplate/public_html/vendor/laravel/framework/src/Illuminate/Foundation/Console/Kernel.php(127): Illuminate\\Foundation\\Console\\Kernel->bootstrap()
#22 /home/gotemplate/public_html/artisan(37): Illuminate\\Foundation\\Console\\Kernel->handle(Object(Symfony\\Component\\Console\\Input\\ArgvInput), Object(Symfony\\Component\\Console\\Output\\ConsoleOutput))
#23 {main}

[previous exception] [object] (PDOException(code: 1045): SQLSTATE[HY000] [1045] Access denied for user 'gotempla_templatego'@'localhost' (using password: YES) at /home/gotemplate/public_html/vendor/laravel/framework/src/Illuminate/Database/Connectors/Connector.php:70)
[stacktrace]
#0 /home/gotemplate/public_html/vendor/laravel/framework/src/Illuminate/Database/Connectors/Connector.php(70): PDO->__construct('mysql:host=loca...', 'gotempla_templa...', 'o', Array)
#1 /home/gotemplate/public_html/vendor/laravel/framework/src/Illuminate/Database/Connectors/Connector.php(46): Illuminate\\Database\\Connectors\\Connector->createPdoConnection('mysql:host=loca...', 'gotempla_templa...', 'o', Array)
#2 /home/gotemplate/public_html/vendor/laravel/framework/src/Illuminate/Database/Connectors/MySqlConnector.php(24): Illuminate\\Database\\Connectors\\Connector->createConnection('mysql:host=loca...', Array, Array)
#3 /home/gotemplate/public_html/vendor/laravel/framework/src/Illuminate/Database/Connectors/ConnectionFactory.php(184): Illuminate\\Database\\Connectors\\MySqlConnector->connect(Array)
#4 [internal function]: Illuminate\\Database\\Connectors\\ConnectionFactory->Illuminate\\Database\\Connectors\\{closure}()
#5 /home/gotemplate/public_html/vendor/laravel/framework/src/Illuminate/Database/Connection.php(939): call_user_func(Object(Closure))
#6 /home/gotemplate/public_html/vendor/laravel/framework/src/Illuminate/Database/Connection.php(974): Illuminate\\Database\\Connection->getPdo()
#7 /home/gotemplate/public_html/vendor/laravel/framework/src/Illuminate/Database/Connection.php(412): Illuminate\\Database\\Connection->getReadPdo()
#8 /home/gotemplate/public_html/vendor/laravel/framework/src/Illuminate/Database/Connection.php(338): Illuminate\\Database\\Connection->getPdoForSelect(true)
#9 /home/gotemplate/public_html/vendor/laravel/framework/src/Illuminate/Database/Connection.php(671): Illuminate\\Database\\Connection->Illuminate\\Database\\{closure}('select * from `...', Array)
#10 /home/gotemplate/public_html/vendor/laravel/framework/src/Illuminate/Database/Connection.php(638): Illuminate\\Database\\Connection->runQueryCallback('select * from `...', Array, Object(Closure))
#11 /home/gotemplate/public_html/vendor/laravel/framework/src/Illuminate/Database/Connection.php(346): Illuminate\\Database\\Connection->run('select * from `...', Array, Object(Closure))
#12 /home/gotemplate/public_html/vendor/laravel/framework/src/Illuminate/Database/Query/Builder.php(2313): Illuminate\\Database\\Connection->select('select * from `...', Array, true)
#13 /home/gotemplate/public_html/vendor/laravel/framework/src/Illuminate/Database/Query/Builder.php(2301): Illuminate\\Database\\Query\\Builder->runSelect()
#14 /home/gotemplate/public_html/vendor/laravel/framework/src/Illuminate/Database/Query/Builder.php(2796): Illuminate\\Database\\Query\\Builder->Illuminate\\Database\\Query\\{closure}()
#15 /home/gotemplate/public_html/vendor/laravel/framework/src/Illuminate/Database/Query/Builder.php(2302): Illuminate\\Database\\Query\\Builder->onceWithColumns(Array, Object(Closure))
#16 /home/gotemplate/public_html/vendor/laravel/framework/src/Illuminate/Database/Concerns/BuildsQueries.php(170): Illuminate\\Database\\Query\\Builder->get(Array)
#17 /home/gotemplate/public_html/app/Models/Members.php(185): Illuminate\\Database\\Query\\Builder->first()
#18 /home/gotemplate/public_html/app/Providers/AppServiceProvider.php(43): Feberr\\Models\\Members::adminData()
#19 /home/gotemplate/public_html/vendor/laravel/framework/src/Illuminate/Container/BoundMethod.php(36): Feberr\\Providers\\AppServiceProvider->boot()
#20 /home/gotemplate/public_html/vendor/laravel/framework/src/Illuminate/Container/Util.php(40): Illuminate\\Container\\BoundMethod::Illuminate\\Container\\{closure}()
#21 /home/gotemplate/public_html/vendor/laravel/framework/src/Illuminate/Container/BoundMethod.php(93): Illuminate\\Container\\Util::unwrapIfClosure(Object(Closure))
#22 /home/gotemplate/public_html/vendor/laravel/framework/src/Illuminate/Container/BoundMethod.php(37): Illuminate\\Container\\BoundMethod::callBoundMethod(Object(Illuminate\\Foundation\\Application), Array, Object(Closure))
#23 /home/gotemplate/public_html/vendor/laravel/framework/src/Illuminate/Container/Container.php(610): Illuminate\\Container\\BoundMethod::call(Object(Illuminate\\Foundation\\Application), Array, Array, NULL)
#24 /home/gotemplate/public_html/vendor/laravel/framework/src/Illuminate/Foundation/Application.php(899): Illuminate\\Container\\Container->call(Array)
#25 /home/gotemplate/public_html/vendor/laravel/framework/src/Illuminate/Foundation/Application.php(880): Illuminate\\Foundation\\Application->bootProvider(Object(Feberr\\Providers\\AppServiceProvider))
#26 [internal function]: Illuminate\\Foundation\\Application->Illuminate\\Foundation\\{closure}(Object(Feberr\\Providers\\AppServiceProvider), 29)
#27 /home/gotemplate/public_html/vendor/laravel/framework/src/Illuminate/Foundation/Application.php(881): array_walk(Array, Object(Closure))
#28 /home/gotemplate/public_html/vendor/laravel/framework/src/Illuminate/Foundation/Bootstrap/BootProviders.php(17): Illuminate\\Foundation\\Application->boot()
#29 /home/gotemplate/public_html/vendor/laravel/framework/src/Illuminate/Foundation/Application.php(237): Illuminate\\Foundation\\Bootstrap\\BootProviders->bootstrap(Object(Illuminate\\Foundation\\Application))
#30 /home/gotemplate/public_html/vendor/laravel/framework/src/Illuminate/Foundation/Console/Kernel.php(310): Illuminate\\Foundation\\Application->bootstrapWith(Array)
#31 /home/gotemplate/public_html/vendor/laravel/framework/src/Illuminate/Foundation/Console/Kernel.php(127): Illuminate\\Foundation\\Console\\Kernel->bootstrap()
#32 /home/gotemplate/public_html/artisan(37): Illuminate\\Foundation\\Console\\Kernel->handle(Object(Symfony\\Component\\Console\\Input\\ArgvInput), Object(Symfony\\Component\\Console\\Output\\ConsoleOutput))
#33 {main}
"} 
[2021-06-22 10:42:53] local.ERROR: SQLSTATE[HY000] [1045] Access denied for user 'gotempla_templatego'@'localhost' (using password: YES) (SQL: select * from `users` where `id` = 1 limit 1) {"exception":"[object] (Illuminate\\Database\\QueryException(code: 1045): SQLSTATE[HY000] [1045] Access denied for user 'gotempla_templatego'@'localhost' (using password: YES) (SQL: select * from `users` where `id` = 1 limit 1) at /home/gotemplate/public_html/vendor/laravel/framework/src/Illuminate/Database/Connection.php:678)
[stacktrace]
#0 /home/gotemplate/public_html/vendor/laravel/framework/src/Illuminate/Database/Connection.php(638): Illuminate\\Database\\Connection->runQueryCallback('select * from `...', Array, Object(Closure))
#1 /home/gotemplate/public_html/vendor/laravel/framework/src/Illuminate/Database/Connection.php(346): Illuminate\\Database\\Connection->run('select * from `...', Array, Object(Closure))
#2 /home/gotemplate/public_html/vendor/laravel/framework/src/Illuminate/Database/Query/Builder.php(2313): Illuminate\\Database\\Connection->select('select * from `...', Array, true)
#3 /home/gotemplate/public_html/vendor/laravel/framework/src/Illuminate/Database/Query/Builder.php(2301): Illuminate\\Database\\Query\\Builder->runSelect()
#4 /home/gotemplate/public_html/vendor/laravel/framework/src/Illuminate/Database/Query/Builder.php(2796): Illuminate\\Database\\Query\\Builder->Illuminate\\Database\\Query\\{closure}()
#5 /home/gotemplate/public_html/vendor/laravel/framework/src/Illuminate/Database/Query/Builder.php(2302): Illuminate\\Database\\Query\\Builder->onceWithColumns(Array, Object(Closure))
#6 /home/gotemplate/public_html/vendor/laravel/framework/src/Illuminate/Database/Concerns/BuildsQueries.php(170): Illuminate\\Database\\Query\\Builder->get(Array)
#7 /home/gotemplate/public_html/app/Models/Members.php(185): Illuminate\\Database\\Query\\Builder->first()
#8 /home/gotemplate/public_html/app/Providers/AppServiceProvider.php(43): Feberr\\Models\\Members::adminData()
#9 /home/gotemplate/public_html/vendor/laravel/framework/src/Illuminate/Container/BoundMethod.php(36): Feberr\\Providers\\AppServiceProvider->boot()
#10 /home/gotemplate/public_html/vendor/laravel/framework/src/Illuminate/Container/Util.php(40): Illuminate\\Container\\BoundMethod::Illuminate\\Container\\{closure}()
#11 /home/gotemplate/public_html/vendor/laravel/framework/src/Illuminate/Container/BoundMethod.php(93): Illuminate\\Container\\Util::unwrapIfClosure(Object(Closure))
#12 /home/gotemplate/public_html/vendor/laravel/framework/src/Illuminate/Container/BoundMethod.php(37): Illuminate\\Container\\BoundMethod::callBoundMethod(Object(Illuminate\\Foundation\\Application), Array, Object(Closure))
#13 /home/gotemplate/public_html/vendor/laravel/framework/src/Illuminate/Container/Container.php(610): Illuminate\\Container\\BoundMethod::call(Object(Illuminate\\Foundation\\Application), Array, Array, NULL)
#14 /home/gotemplate/public_html/vendor/laravel/framework/src/Illuminate/Foundation/Application.php(899): Illuminate\\Container\\Container->call(Array)
#15 /home/gotemplate/public_html/vendor/laravel/framework/src/Illuminate/Foundation/Application.php(880): Illuminate\\Foundation\\Application->bootProvider(Object(Feberr\\Providers\\AppServiceProvider))
#16 [internal function]: Illuminate\\Foundation\\Application->Illuminate\\Foundation\\{closure}(Object(Feberr\\Providers\\AppServiceProvider), 29)
#17 /home/gotemplate/public_html/vendor/laravel/framework/src/Illuminate/Foundation/Application.php(881): array_walk(Array, Object(Closure))
#18 /home/gotemplate/public_html/vendor/laravel/framework/src/Illuminate/Foundation/Bootstrap/BootProviders.php(17): Illuminate\\Foundation\\Application->boot()
#19 /home/gotemplate/public_html/vendor/laravel/framework/src/Illuminate/Foundation/Application.php(237): Illuminate\\Foundation\\Bootstrap\\BootProviders->bootstrap(Object(Illuminate\\Foundation\\Application))
#20 /home/gotemplate/public_html/vendor/laravel/framework/src/Illuminate/Foundation/Console/Kernel.php(310): Illuminate\\Foundation\\Application->bootstrapWith(Array)
#21 /home/gotemplate/public_html/vendor/laravel/framework/src/Illuminate/Foundation/Console/Kernel.php(127): Illuminate\\Foundation\\Console\\Kernel->bootstrap()
#22 /home/gotemplate/public_html/artisan(37): Illuminate\\Foundation\\Console\\Kernel->handle(Object(Symfony\\Component\\Console\\Input\\ArgvInput), Object(Symfony\\Component\\Console\\Output\\ConsoleOutput))
#23 {main}

[previous exception] [object] (PDOException(code: 1045): SQLSTATE[HY000] [1045] Access denied for user 'gotempla_templatego'@'localhost' (using password: YES) at /home/gotemplate/public_html/vendor/laravel/framework/src/Illuminate/Database/Connectors/Connector.php:70)
[stacktrace]
#0 /home/gotemplate/public_html/vendor/laravel/framework/src/Illuminate/Database/Connectors/Connector.php(70): PDO->__construct('mysql:host=loca...', 'gotempla_templa...', 'o', Array)
#1 /home/gotemplate/public_html/vendor/laravel/framework/src/Illuminate/Database/Connectors/Connector.php(46): Illuminate\\Database\\Connectors\\Connector->createPdoConnection('mysql:host=loca...', 'gotempla_templa...', 'o', Array)
#2 /home/gotemplate/public_html/vendor/laravel/framework/src/Illuminate/Database/Connectors/MySqlConnector.php(24): Illuminate\\Database\\Connectors\\Connector->createConnection('mysql:host=loca...', Array, Array)
#3 /home/gotemplate/public_html/vendor/laravel/framework/src/Illuminate/Database/Connectors/ConnectionFactory.php(184): Illuminate\\Database\\Connectors\\MySqlConnector->connect(Array)
#4 [internal function]: Illuminate\\Database\\Connectors\\ConnectionFactory->Illuminate\\Database\\Connectors\\{closure}()
#5 /home/gotemplate/public_html/vendor/laravel/framework/src/Illuminate/Database/Connection.php(939): call_user_func(Object(Closure))
#6 /home/gotemplate/public_html/vendor/laravel/framework/src/Illuminate/Database/Connection.php(974): Illuminate\\Database\\Connection->getPdo()
#7 /home/gotemplate/public_html/vendor/laravel/framework/src/Illuminate/Database/Connection.php(412): Illuminate\\Database\\Connection->getReadPdo()
#8 /home/gotemplate/public_html/vendor/laravel/framework/src/Illuminate/Database/Connection.php(338): Illuminate\\Database\\Connection->getPdoForSelect(true)
#9 /home/gotemplate/public_html/vendor/laravel/framework/src/Illuminate/Database/Connection.php(671): Illuminate\\Database\\Connection->Illuminate\\Database\\{closure}('select * from `...', Array)
#10 /home/gotemplate/public_html/vendor/laravel/framework/src/Illuminate/Database/Connection.php(638): Illuminate\\Database\\Connection->runQueryCallback('select * from `...', Array, Object(Closure))
#11 /home/gotemplate/public_html/vendor/laravel/framework/src/Illuminate/Database/Connection.php(346): Illuminate\\Database\\Connection->run('select * from `...', Array, Object(Closure))
#12 /home/gotemplate/public_html/vendor/laravel/framework/src/Illuminate/Database/Query/Builder.php(2313): Illuminate\\Database\\Connection->select('select * from `...', Array, true)
#13 /home/gotemplate/public_html/vendor/laravel/framework/src/Illuminate/Database/Query/Builder.php(2301): Illuminate\\Database\\Query\\Builder->runSelect()
#14 /home/gotemplate/public_html/vendor/laravel/framework/src/Illuminate/Database/Query/Builder.php(2796): Illuminate\\Database\\Query\\Builder->Illuminate\\Database\\Query\\{closure}()
#15 /home/gotemplate/public_html/vendor/laravel/framework/src/Illuminate/Database/Query/Builder.php(2302): Illuminate\\Database\\Query\\Builder->onceWithColumns(Array, Object(Closure))
#16 /home/gotemplate/public_html/vendor/laravel/framework/src/Illuminate/Database/Concerns/BuildsQueries.php(170): Illuminate\\Database\\Query\\Builder->get(Array)
#17 /home/gotemplate/public_html/app/Models/Members.php(185): Illuminate\\Database\\Query\\Builder->first()
#18 /home/gotemplate/public_html/app/Providers/AppServiceProvider.php(43): Feberr\\Models\\Members::adminData()
#19 /home/gotemplate/public_html/vendor/laravel/framework/src/Illuminate/Container/BoundMethod.php(36): Feberr\\Providers\\AppServiceProvider->boot()
#20 /home/gotemplate/public_html/vendor/laravel/framework/src/Illuminate/Container/Util.php(40): Illuminate\\Container\\BoundMethod::Illuminate\\Container\\{closure}()
#21 /home/gotemplate/public_html/vendor/laravel/framework/src/Illuminate/Container/BoundMethod.php(93): Illuminate\\Container\\Util::unwrapIfClosure(Object(Closure))
#22 /home/gotemplate/public_html/vendor/laravel/framework/src/Illuminate/Container/BoundMethod.php(37): Illuminate\\Container\\BoundMethod::callBoundMethod(Object(Illuminate\\Foundation\\Application), Array, Object(Closure))
#23 /home/gotemplate/public_html/vendor/laravel/framework/src/Illuminate/Container/Container.php(610): Illuminate\\Container\\BoundMethod::call(Object(Illuminate\\Foundation\\Application), Array, Array, NULL)
#24 /home/gotemplate/public_html/vendor/laravel/framework/src/Illuminate/Foundation/Application.php(899): Illuminate\\Container\\Container->call(Array)
#25 /home/gotemplate/public_html/vendor/laravel/framework/src/Illuminate/Foundation/Application.php(880): Illuminate\\Foundation\\Application->bootProvider(Object(Feberr\\Providers\\AppServiceProvider))
#26 [internal function]: Illuminate\\Foundation\\Application->Illuminate\\Foundation\\{closure}(Object(Feberr\\Providers\\AppServiceProvider), 29)
#27 /home/gotemplate/public_html/vendor/laravel/framework/src/Illuminate/Foundation/Application.php(881): array_walk(Array, Object(Closure))
#28 /home/gotemplate/public_html/vendor/laravel/framework/src/Illuminate/Foundation/Bootstrap/BootProviders.php(17): Illuminate\\Foundation\\Application->boot()
#29 /home/gotemplate/public_html/vendor/laravel/framework/src/Illuminate/Foundation/Application.php(237): Illuminate\\Foundation\\Bootstrap\\BootProviders->bootstrap(Object(Illuminate\\Foundation\\Application))
#30 /home/gotemplate/public_html/vendor/laravel/framework/src/Illuminate/Foundation/Console/Kernel.php(310): Illuminate\\Foundation\\Application->bootstrapWith(Array)
#31 /home/gotemplate/public_html/vendor/laravel/framework/src/Illuminate/Foundation/Console/Kernel.php(127): Illuminate\\Foundation\\Console\\Kernel->bootstrap()
#32 /home/gotemplate/public_html/artisan(37): Illuminate\\Foundation\\Console\\Kernel->handle(Object(Symfony\\Component\\Console\\Input\\ArgvInput), Object(Symfony\\Component\\Console\\Output\\ConsoleOutput))
#33 {main}
"} 
[2021-06-22 10:43:46] local.ERROR: SQLSTATE[HY000] [1045] Access denied for user 'gotempla_templatego'@'localhost' (using password: YES) (SQL: select * from `users` where `id` = 1 limit 1) {"exception":"[object] (Illuminate\\Database\\QueryException(code: 1045): SQLSTATE[HY000] [1045] Access denied for user 'gotempla_templatego'@'localhost' (using password: YES) (SQL: select * from `users` where `id` = 1 limit 1) at /home/gotemplate/public_html/vendor/laravel/framework/src/Illuminate/Database/Connection.php:678)
[stacktrace]
#0 /home/gotemplate/public_html/vendor/laravel/framework/src/Illuminate/Database/Connection.php(638): Illuminate\\Database\\Connection->runQueryCallback('select * from `...', Array, Object(Closure))
#1 /home/gotemplate/public_html/vendor/laravel/framework/src/Illuminate/Database/Connection.php(346): Illuminate\\Database\\Connection->run('select * from `...', Array, Object(Closure))
#2 /home/gotemplate/public_html/vendor/laravel/framework/src/Illuminate/Database/Query/Builder.php(2313): Illuminate\\Database\\Connection->select('select * from `...', Array, true)
#3 /home/gotemplate/public_html/vendor/laravel/framework/src/Illuminate/Database/Query/Builder.php(2301): Illuminate\\Database\\Query\\Builder->runSelect()
#4 /home/gotemplate/public_html/vendor/laravel/framework/src/Illuminate/Database/Query/Builder.php(2796): Illuminate\\Database\\Query\\Builder->Illuminate\\Database\\Query\\{closure}()
#5 /home/gotemplate/public_html/vendor/laravel/framework/src/Illuminate/Database/Query/Builder.php(2302): Illuminate\\Database\\Query\\Builder->onceWithColumns(Array, Object(Closure))
#6 /home/gotemplate/public_html/vendor/laravel/framework/src/Illuminate/Database/Concerns/BuildsQueries.php(170): Illuminate\\Database\\Query\\Builder->get(Array)
#7 /home/gotemplate/public_html/app/Models/Members.php(185): Illuminate\\Database\\Query\\Builder->first()
#8 /home/gotemplate/public_html/app/Providers/AppServiceProvider.php(43): Feberr\\Models\\Members::adminData()
#9 /home/gotemplate/public_html/vendor/laravel/framework/src/Illuminate/Container/BoundMethod.php(36): Feberr\\Providers\\AppServiceProvider->boot()
#10 /home/gotemplate/public_html/vendor/laravel/framework/src/Illuminate/Container/Util.php(40): Illuminate\\Container\\BoundMethod::Illuminate\\Container\\{closure}()
#11 /home/gotemplate/public_html/vendor/laravel/framework/src/Illuminate/Container/BoundMethod.php(93): Illuminate\\Container\\Util::unwrapIfClosure(Object(Closure))
#12 /home/gotemplate/public_html/vendor/laravel/framework/src/Illuminate/Container/BoundMethod.php(37): Illuminate\\Container\\BoundMethod::callBoundMethod(Object(Illuminate\\Foundation\\Application), Array, Object(Closure))
#13 /home/gotemplate/public_html/vendor/laravel/framework/src/Illuminate/Container/Container.php(610): Illuminate\\Container\\BoundMethod::call(Object(Illuminate\\Foundation\\Application), Array, Array, NULL)
#14 /home/gotemplate/public_html/vendor/laravel/framework/src/Illuminate/Foundation/Application.php(899): Illuminate\\Container\\Container->call(Array)
#15 /home/gotemplate/public_html/vendor/laravel/framework/src/Illuminate/Foundation/Application.php(880): Illuminate\\Foundation\\Application->bootProvider(Object(Feberr\\Providers\\AppServiceProvider))
#16 [internal function]: Illuminate\\Foundation\\Application->Illuminate\\Foundation\\{closure}(Object(Feberr\\Providers\\AppServiceProvider), 29)
#17 /home/gotemplate/public_html/vendor/laravel/framework/src/Illuminate/Foundation/Application.php(881): array_walk(Array, Object(Closure))
#18 /home/gotemplate/public_html/vendor/laravel/framework/src/Illuminate/Foundation/Bootstrap/BootProviders.php(17): Illuminate\\Foundation\\Application->boot()
#19 /home/gotemplate/public_html/vendor/laravel/framework/src/Illuminate/Foundation/Application.php(237): Illuminate\\Foundation\\Bootstrap\\BootProviders->bootstrap(Object(Illuminate\\Foundation\\Application))
#20 /home/gotemplate/public_html/vendor/laravel/framework/src/Illuminate/Foundation/Console/Kernel.php(310): Illuminate\\Foundation\\Application->bootstrapWith(Array)
#21 /home/gotemplate/public_html/vendor/laravel/framework/src/Illuminate/Foundation/Console/Kernel.php(127): Illuminate\\Foundation\\Console\\Kernel->bootstrap()
#22 /home/gotemplate/public_html/artisan(37): Illuminate\\Foundation\\Console\\Kernel->handle(Object(Symfony\\Component\\Console\\Input\\ArgvInput), Object(Symfony\\Component\\Console\\Output\\ConsoleOutput))
#23 {main}

[previous exception] [object] (PDOException(code: 1045): SQLSTATE[HY000] [1045] Access denied for user 'gotempla_templatego'@'localhost' (using password: YES) at /home/gotemplate/public_html/vendor/laravel/framework/src/Illuminate/Database/Connectors/Connector.php:70)
[stacktrace]
#0 /home/gotemplate/public_html/vendor/laravel/framework/src/Illuminate/Database/Connectors/Connector.php(70): PDO->__construct('mysql:host=loca...', 'gotempla_templa...', 'o', Array)
#1 /home/gotemplate/public_html/vendor/laravel/framework/src/Illuminate/Database/Connectors/Connector.php(46): Illuminate\\Database\\Connectors\\Connector->createPdoConnection('mysql:host=loca...', 'gotempla_templa...', 'o', Array)
#2 /home/gotemplate/public_html/vendor/laravel/framework/src/Illuminate/Database/Connectors/MySqlConnector.php(24): Illuminate\\Database\\Connectors\\Connector->createConnection('mysql:host=loca...', Array, Array)
#3 /home/gotemplate/public_html/vendor/laravel/framework/src/Illuminate/Database/Connectors/ConnectionFactory.php(184): Illuminate\\Database\\Connectors\\MySqlConnector->connect(Array)
#4 [internal function]: Illuminate\\Database\\Connectors\\ConnectionFactory->Illuminate\\Database\\Connectors\\{closure}()
#5 /home/gotemplate/public_html/vendor/laravel/framework/src/Illuminate/Database/Connection.php(939): call_user_func(Object(Closure))
#6 /home/gotemplate/public_html/vendor/laravel/framework/src/Illuminate/Database/Connection.php(974): Illuminate\\Database\\Connection->getPdo()
#7 /home/gotemplate/public_html/vendor/laravel/framework/src/Illuminate/Database/Connection.php(412): Illuminate\\Database\\Connection->getReadPdo()
#8 /home/gotemplate/public_html/vendor/laravel/framework/src/Illuminate/Database/Connection.php(338): Illuminate\\Database\\Connection->getPdoForSelect(true)
#9 /home/gotemplate/public_html/vendor/laravel/framework/src/Illuminate/Database/Connection.php(671): Illuminate\\Database\\Connection->Illuminate\\Database\\{closure}('select * from `...', Array)
#10 /home/gotemplate/public_html/vendor/laravel/framework/src/Illuminate/Database/Connection.php(638): Illuminate\\Database\\Connection->runQueryCallback('select * from `...', Array, Object(Closure))
#11 /home/gotemplate/public_html/vendor/laravel/framework/src/Illuminate/Database/Connection.php(346): Illuminate\\Database\\Connection->run('select * from `...', Array, Object(Closure))
#12 /home/gotemplate/public_html/vendor/laravel/framework/src/Illuminate/Database/Query/Builder.php(2313): Illuminate\\Database\\Connection->select('select * from `...', Array, true)
#13 /home/gotemplate/public_html/vendor/laravel/framework/src/Illuminate/Database/Query/Builder.php(2301): Illuminate\\Database\\Query\\Builder->runSelect()
#14 /home/gotemplate/public_html/vendor/laravel/framework/src/Illuminate/Database/Query/Builder.php(2796): Illuminate\\Database\\Query\\Builder->Illuminate\\Database\\Query\\{closure}()
#15 /home/gotemplate/public_html/vendor/laravel/framework/src/Illuminate/Database/Query/Builder.php(2302): Illuminate\\Database\\Query\\Builder->onceWithColumns(Array, Object(Closure))
#16 /home/gotemplate/public_html/vendor/laravel/framework/src/Illuminate/Database/Concerns/BuildsQueries.php(170): Illuminate\\Database\\Query\\Builder->get(Array)
#17 /home/gotemplate/public_html/app/Models/Members.php(185): Illuminate\\Database\\Query\\Builder->first()
#18 /home/gotemplate/public_html/app/Providers/AppServiceProvider.php(43): Feberr\\Models\\Members::adminData()
#19 /home/gotemplate/public_html/vendor/laravel/framework/src/Illuminate/Container/BoundMethod.php(36): Feberr\\Providers\\AppServiceProvider->boot()
#20 /home/gotemplate/public_html/vendor/laravel/framework/src/Illuminate/Container/Util.php(40): Illuminate\\Container\\BoundMethod::Illuminate\\Container\\{closure}()
#21 /home/gotemplate/public_html/vendor/laravel/framework/src/Illuminate/Container/BoundMethod.php(93): Illuminate\\Container\\Util::unwrapIfClosure(Object(Closure))
#22 /home/gotemplate/public_html/vendor/laravel/framework/src/Illuminate/Container/BoundMethod.php(37): Illuminate\\Container\\BoundMethod::callBoundMethod(Object(Illuminate\\Foundation\\Application), Array, Object(Closure))
#23 /home/gotemplate/public_html/vendor/laravel/framework/src/Illuminate/Container/Container.php(610): Illuminate\\Container\\BoundMethod::call(Object(Illuminate\\Foundation\\Application), Array, Array, NULL)
#24 /home/gotemplate/public_html/vendor/laravel/framework/src/Illuminate/Foundation/Application.php(899): Illuminate\\Container\\Container->call(Array)
#25 /home/gotemplate/public_html/vendor/laravel/framework/src/Illuminate/Foundation/Application.php(880): Illuminate\\Foundation\\Application->bootProvider(Object(Feberr\\Providers\\AppServiceProvider))
#26 [internal function]: Illuminate\\Foundation\\Application->Illuminate\\Foundation\\{closure}(Object(Feberr\\Providers\\AppServiceProvider), 29)
#27 /home/gotemplate/public_html/vendor/laravel/framework/src/Illuminate/Foundation/Application.php(881): array_walk(Array, Object(Closure))
#28 /home/gotemplate/public_html/vendor/laravel/framework/src/Illuminate/Foundation/Bootstrap/BootProviders.php(17): Illuminate\\Foundation\\Application->boot()
#29 /home/gotemplate/public_html/vendor/laravel/framework/src/Illuminate/Foundation/Application.php(237): Illuminate\\Foundation\\Bootstrap\\BootProviders->bootstrap(Object(Illuminate\\Foundation\\Application))
#30 /home/gotemplate/public_html/vendor/laravel/framework/src/Illuminate/Foundation/Console/Kernel.php(310): Illuminate\\Foundation\\Application->bootstrapWith(Array)
#31 /home/gotemplate/public_html/vendor/laravel/framework/src/Illuminate/Foundation/Console/Kernel.php(127): Illuminate\\Foundation\\Console\\Kernel->bootstrap()
#32 /home/gotemplate/public_html/artisan(37): Illuminate\\Foundation\\Console\\Kernel->handle(Object(Symfony\\Component\\Console\\Input\\ArgvInput), Object(Symfony\\Component\\Console\\Output\\ConsoleOutput))
#33 {main}
"} 
